/home/cough052/barna314/anaconda3/envs/nmma_env/lib/python3.10/site-packages/astropy/time/formats.py:1580: FutureWarning: Passing (type, 1) or '1type' as a synonym of type is deprecated; in a future version of numpy, it will be understood as (type, (1,)) / '(1,)type'.
  val1_uint32 = val1.view((np.uint32, val1.dtype.itemsize // 4))
17:47 bilby INFO    : Running for label 'lc_nugent-hyper_00001_fit_Me2017_tmax_09', output will be saved to 'fits_msi/lc_nugent-hyper_00001/Me2017'
17:47 bilby INFO    : Analysis priors:
17:47 bilby INFO    : luminosity_distance=Uniform(minimum=0.0, maximum=200.0, name='luminosity_distance', latex_label='$D_L$', unit=None, boundary=None)
17:47 bilby INFO    : beta=Uniform(minimum=1.0, maximum=5.0, name='beta', latex_label='$\\beta$', unit=None, boundary=None)
17:47 bilby INFO    : log10_kappa_r=Uniform(minimum=-1.0, maximum=2.0, name='log10_kappa_r', latex_label='$\\log_{10}\\kappa_r$', unit=None, boundary=None)
17:47 bilby INFO    : KNtimeshift=Uniform(minimum=-2.0, maximum=1.0, name='trigger_time', latex_label='$t_0$', unit=None, boundary=None)
17:47 bilby INFO    : log10_vej=Uniform(minimum=-2.0, maximum=-0.5, name='log10_vej', latex_label='$\\log_{10}v^{\\rm{ej}}$', unit=None, boundary=None)
17:47 bilby INFO    : log10_mej=Uniform(minimum=-3.0, maximum=-0.5, name='log10_mej', latex_label='$\\log_{10}M^{\\rm{ej}}$', unit=None, boundary=None)
17:47 bilby INFO    : Ebv=Interped(xx=array([0.    , 0.5724]), yy=array([3.4940601, 0.       ]), minimum=0.0, maximum=0.5724, name='Ebv', latex_label='$E(B-V)$', unit=None, boundary=None)
17:47 bilby INFO    : Analysis likelihood class: <class 'nmma.em.likelihood.OpticalLightCurve'>
17:47 bilby INFO    : Analysis likelihood noise evidence: 0.0
/home/cough052/barna314/anaconda3/envs/nmma_env/lib/python3.10/site-packages/nmma-0.0.19-py3.10.egg/nmma/em/utils.py:984: RuntimeWarning: invalid value encountered in divide
  Tobs = 1e10 * (Ltot / (4 * np.pi * Rphoto**2 * sigSB)) ** (0.25)
17:47 bilby INFO    : Single likelihood evaluation took 1.357e-02 s
17:47 bilby WARNING : Supplied argument 'queue_size' not an argument of 'Pymultinest', removing.
17:47 bilby WARNING : Supplied argument 'check_point_delta_t' not an argument of 'Pymultinest', removing.
17:47 bilby INFO    : Using sampler Pymultinest with kwargs {'importance_nested_sampling': False, 'resume': True, 'verbose': True, 'sampling_efficiency': 'parameter', 'n_live_points': 1024, 'n_params': 7, 'n_clustering_params': None, 'wrapped_params': None, 'multimodal': True, 'const_efficiency_mode': False, 'evidence_tolerance': 0.5, 'n_iter_before_update': 100, 'null_log_evidence': -1e+90, 'max_modes': 100, 'mode_tolerance': -1e+90, 'seed': 42, 'context': 0, 'write_output': True, 'log_zero': -1e+100, 'max_iter': 0, 'init_MPI': False, 'dump_callback': <bound method Pymultinest._dump_callback of <bilby.core.sampler.pymultinest.Pymultinest object at 0x7f529f51bd30>>}
17:47 bilby INFO    : Using temporary file /tmp/tmph2m3t3z6
17:48 bilby INFO    : Overwriting fits_msi/lc_nugent-hyper_00001/Me2017/pm_lc_nugent-hyper_00001_fit_Me2017_tmax_09/ with /tmp/tmph2m3t3z6/
ERROR in loglikelihood: Best guess z=3.892843809979794e-09 is very close to the lower z limit 0.0.
Try re-running with a different zmin.
Exception ignored on calling ctypes callback function: <function run.<locals>.loglike at 0x7f529f27feb0>
Traceback (most recent call last):
  File "/home/cough052/barna314/anaconda3/envs/nmma_env/lib/python3.10/site-packages/pymultinest/run.py", line 223, in loglike
    return LogLikelihood(cube, ndim, nparams, lnew)
  File "/home/cough052/barna314/anaconda3/envs/nmma_env/lib/python3.10/site-packages/pymultinest/solve.py", line 67, in SafeLoglikelihood
    sys.exit(1)
SystemExit: 1
17:49 bilby INFO    : Overwriting fits_msi/lc_nugent-hyper_00001/Me2017/pm_lc_nugent-hyper_00001_fit_Me2017_tmax_09/ with /tmp/tmph2m3t3z6/
17:49 bilby INFO    : Overwriting fits_msi/lc_nugent-hyper_00001/Me2017/pm_lc_nugent-hyper_00001_fit_Me2017_tmax_09/ with /tmp/tmph2m3t3z6/
17:49 bilby INFO    : Overwriting fits_msi/lc_nugent-hyper_00001/Me2017/pm_lc_nugent-hyper_00001_fit_Me2017_tmax_09/ with /tmp/tmph2m3t3z6/
17:50 bilby INFO    : Overwriting fits_msi/lc_nugent-hyper_00001/Me2017/pm_lc_nugent-hyper_00001_fit_Me2017_tmax_09/ with /tmp/tmph2m3t3z6/
17:51 bilby INFO    : Overwriting fits_msi/lc_nugent-hyper_00001/Me2017/pm_lc_nugent-hyper_00001_fit_Me2017_tmax_09/ with /tmp/tmph2m3t3z6/
17:51 bilby INFO    : Overwriting fits_msi/lc_nugent-hyper_00001/Me2017/pm_lc_nugent-hyper_00001_fit_Me2017_tmax_09/ with /tmp/tmph2m3t3z6/
17:52 bilby INFO    : Overwriting fits_msi/lc_nugent-hyper_00001/Me2017/pm_lc_nugent-hyper_00001_fit_Me2017_tmax_09/ with /tmp/tmph2m3t3z6/
17:52 bilby INFO    : Overwriting fits_msi/lc_nugent-hyper_00001/Me2017/pm_lc_nugent-hyper_00001_fit_Me2017_tmax_09/ with /tmp/tmph2m3t3z6/
17:53 bilby INFO    : Overwriting fits_msi/lc_nugent-hyper_00001/Me2017/pm_lc_nugent-hyper_00001_fit_Me2017_tmax_09/ with /tmp/tmph2m3t3z6/
17:54 bilby INFO    : Overwriting fits_msi/lc_nugent-hyper_00001/Me2017/pm_lc_nugent-hyper_00001_fit_Me2017_tmax_09/ with /tmp/tmph2m3t3z6/
17:55 bilby INFO    : Overwriting fits_msi/lc_nugent-hyper_00001/Me2017/pm_lc_nugent-hyper_00001_fit_Me2017_tmax_09/ with /tmp/tmph2m3t3z6/
17:56 bilby INFO    : Overwriting fits_msi/lc_nugent-hyper_00001/Me2017/pm_lc_nugent-hyper_00001_fit_Me2017_tmax_09/ with /tmp/tmph2m3t3z6/
17:57 bilby INFO    : Overwriting fits_msi/lc_nugent-hyper_00001/Me2017/pm_lc_nugent-hyper_00001_fit_Me2017_tmax_09/ with /tmp/tmph2m3t3z6/
17:58 bilby INFO    : Overwriting fits_msi/lc_nugent-hyper_00001/Me2017/pm_lc_nugent-hyper_00001_fit_Me2017_tmax_09/ with /tmp/tmph2m3t3z6/
17:59 bilby INFO    : Overwriting fits_msi/lc_nugent-hyper_00001/Me2017/pm_lc_nugent-hyper_00001_fit_Me2017_tmax_09/ with /tmp/tmph2m3t3z6/
18:00 bilby INFO    : Overwriting fits_msi/lc_nugent-hyper_00001/Me2017/pm_lc_nugent-hyper_00001_fit_Me2017_tmax_09/ with /tmp/tmph2m3t3z6/
18:01 bilby INFO    : Overwriting fits_msi/lc_nugent-hyper_00001/Me2017/pm_lc_nugent-hyper_00001_fit_Me2017_tmax_09/ with /tmp/tmph2m3t3z6/
18:02 bilby INFO    : Overwriting fits_msi/lc_nugent-hyper_00001/Me2017/pm_lc_nugent-hyper_00001_fit_Me2017_tmax_09/ with /tmp/tmph2m3t3z6/
18:03 bilby INFO    : Overwriting fits_msi/lc_nugent-hyper_00001/Me2017/pm_lc_nugent-hyper_00001_fit_Me2017_tmax_09/ with /tmp/tmph2m3t3z6/
18:05 bilby INFO    : Overwriting fits_msi/lc_nugent-hyper_00001/Me2017/pm_lc_nugent-hyper_00001_fit_Me2017_tmax_09/ with /tmp/tmph2m3t3z6/
18:06 bilby INFO    : Overwriting fits_msi/lc_nugent-hyper_00001/Me2017/pm_lc_nugent-hyper_00001_fit_Me2017_tmax_09/ with /tmp/tmph2m3t3z6/
18:09 bilby INFO    : Overwriting fits_msi/lc_nugent-hyper_00001/Me2017/pm_lc_nugent-hyper_00001_fit_Me2017_tmax_09/ with /tmp/tmph2m3t3z6/
18:12 bilby INFO    : Overwriting fits_msi/lc_nugent-hyper_00001/Me2017/pm_lc_nugent-hyper_00001_fit_Me2017_tmax_09/ with /tmp/tmph2m3t3z6/
18:17 bilby INFO    : Overwriting fits_msi/lc_nugent-hyper_00001/Me2017/pm_lc_nugent-hyper_00001_fit_Me2017_tmax_09/ with /tmp/tmph2m3t3z6/
18:22 bilby INFO    : Overwriting fits_msi/lc_nugent-hyper_00001/Me2017/pm_lc_nugent-hyper_00001_fit_Me2017_tmax_09/ with /tmp/tmph2m3t3z6/
18:26 bilby INFO    : Overwriting fits_msi/lc_nugent-hyper_00001/Me2017/pm_lc_nugent-hyper_00001_fit_Me2017_tmax_09/ with /tmp/tmph2m3t3z6/
18:26 bilby INFO    : Overwriting fits_msi/lc_nugent-hyper_00001/Me2017/pm_lc_nugent-hyper_00001_fit_Me2017_tmax_09/ with /tmp/tmph2m3t3z6/
Traceback (most recent call last):
  File "/home/cough052/barna314/anaconda3/envs/nmma_env/lib/python3.10/site-packages/pymultinest/analyse.py", line 34, in loadtxt2d
    return numpy.loadtxt(intext, ndmin=2)
  File "/home/cough052/barna314/anaconda3/envs/nmma_env/lib/python3.10/site-packages/numpy/lib/npyio.py", line 1373, in loadtxt
    arr = _read(fname, dtype=dtype, comment=comment, delimiter=delimiter,
  File "/home/cough052/barna314/anaconda3/envs/nmma_env/lib/python3.10/site-packages/numpy/lib/npyio.py", line 1016, in _read
    arr = _load_from_filelike(
ValueError: could not convert string '-0.928618404733991295-309' to float64 at row 24564, column 2.

During handling of the above exception, another exception occurred:

Traceback (most recent call last):
  File "/home/cough052/barna314/anaconda3/envs/nmma_env/bin/light_curve_analysis", line 33, in <module>
    sys.exit(load_entry_point('nmma==0.0.19', 'console_scripts', 'light_curve_analysis')())
  File "/home/cough052/barna314/anaconda3/envs/nmma_env/lib/python3.10/site-packages/nmma-0.0.19-py3.10.egg/nmma/em/analysis.py", line 909, in main
    analysis(args)
  File "/home/cough052/barna314/anaconda3/envs/nmma_env/lib/python3.10/site-packages/nmma-0.0.19-py3.10.egg/nmma/em/analysis.py", line 655, in analysis
    result = bilby.run_sampler(
  File "/home/cough052/barna314/anaconda3/envs/nmma_env/lib/python3.10/site-packages/bilby/core/sampler/__init__.py", line 234, in run_sampler
    result = sampler.run_sampler()
  File "/home/cough052/barna314/anaconda3/envs/nmma_env/lib/python3.10/site-packages/bilby/core/sampler/base_sampler.py", line 97, in wrapped
    output = method(self, *args, **kwargs)
  File "/home/cough052/barna314/anaconda3/envs/nmma_env/lib/python3.10/site-packages/bilby/core/sampler/pymultinest.py", line 156, in run_sampler
    out = pymultinest.solve(
  File "/home/cough052/barna314/anaconda3/envs/nmma_env/lib/python3.10/site-packages/pymultinest/solve.py", line 74, in solve
    stats = analyzer.get_stats()
  File "/home/cough052/barna314/anaconda3/envs/nmma_env/lib/python3.10/site-packages/pymultinest/analyse.py", line 123, in get_stats
    posterior = self.get_data()
  File "/home/cough052/barna314/anaconda3/envs/nmma_env/lib/python3.10/site-packages/pymultinest/analyse.py", line 86, in get_data
    self.data = loadtxt2d(self.data_file)
  File "/home/cough052/barna314/anaconda3/envs/nmma_env/lib/python3.10/site-packages/pymultinest/analyse.py", line 36, in loadtxt2d
    return numpy.loadtxt(intext)
  File "/home/cough052/barna314/anaconda3/envs/nmma_env/lib/python3.10/site-packages/numpy/lib/npyio.py", line 1373, in loadtxt
    arr = _read(fname, dtype=dtype, comment=comment, delimiter=delimiter,
  File "/home/cough052/barna314/anaconda3/envs/nmma_env/lib/python3.10/site-packages/numpy/lib/npyio.py", line 1016, in _read
    arr = _load_from_filelike(
ValueError: could not convert string '-0.928618404733991295-309' to float64 at row 24564, column 2.
